                                                         Cloudy 13.06.01
                                                         www.nublado.org

                       **************************************13Jun01**************************************
                       *                                                                                 *
                       * title LTE opacity                                                               *
                       * init "hheonly.ini"                                                              *
                       * # Default abundance set has no grains                                           *
                       * #                                                                               *
                       * #                                                                               *
                       * # Thermal equilibrium radiation field                                           *
                       * blackbody, T = 6429 K, STE                                                      *
 Is T(star)=  6.43e+03 correct???
                       * #                                                                               *
                       * # commands for density & abundances =========                                   *
                       * hden 16.89                                                                      *
                       * #                                                                               *
                       * # commands controlling geometry  =========                                      *
                       * stop zone 1                                                                     *
                       * set dr 0                                                                        *
                       * #                                                                               *
                       * # other commands for details     =========                                      *
                       * iterate                                                                         *
                       * constant temperature 6429                                                       *
                       * species "H" LTE                                                                 *
                       * species "H+" LTE                                                                *
                       * species "H-" LTE                                                                *
                       * database H-like levels LTE                                                      *
                       * species "He" LTE                                                                *
                       * species "He+" LTE                                                               *
                       * species "He+2" LTE                                                              *
                       * database He-like levels LTE                                                     *
                       * #                                                                               *
                       * # commands controlling output    =========                                      *
                       * save hydrogen populations last ".hpop"                                          *
                       * save hydrogen conditions last ".hyd"                                            *
                       * save overview ".ovr"                                                            *
                       * save monitors last ".asr"                                                       *
                       * save total opacity last ".opac"                                                 *
                       * save species column densities last ".col"                                       *
                       * save cooling each last ".cool"                                                  *
                       * save lines, emissivity, last ".em"                                              *
                       * save species departure coefficients last ".dep" "H[:]"                          *
                       * #                                                                               *
                       * # commands giving the monitors    =========                                     *
                       * monitor hminus departure coefficient 1. error 0.03                              *
                       * # .in                                                                           *
                       * #                                                                               *
                       * # class limit                                                                   *
                       * # ========================================                                      *
                       * #                                                                               *
                       *                                                                                 *
                       ***********************************************************************************



 NOTE Is this value of the hydrogen density reasonable?
 NOTE It seems pretty high to me.


 NOTE Setcon: continuum has zero intensity starting at  6.7835e+00 Ryd.
  1767 cells in the incident continuum have zero intensity.  Problems???

           !The plasma frequency is 8.33e-04 Ryd.  The incident continuum is set to 0 below this.
           8228CellPeak1.00E+00   Lo 3.04e-09=  29.98m   Hi-Con:7.13E+06 Ryd   E(hi):7.35E+06Ryd     E(hi):     100.00 MeV
           I(nu>1ryd):   4.3396   Average nu:1.044E+00   I( X-ray):   0.0000   I(BalC):  10.6986     Phi(BalmrC):  21.8783
           phi(1.0-1.8):14.9827   phi(1.8-4.0):  6.867   phi(4.0-20):-15.840   phi(20--):  0.000     Ion pht flx:9.610E+14
           I(gam ray):   0.0000   phi(gam r):   0.0000   I(Infred):  11.5283   Alf(ox):   0.0000     Total inten:  11.5882
           U(1.0----):4.129E-13   U(4.0----):6.166E-44   T(En-Den):6.429E+03   T(Comp):6.429E+03     nuJnu(912A):4.687E+05
           Occ(FarIR):0.000E+00   Occ(H n=6):1.024E+00   Occ(1Ryd):2.176E-11   Occ(4R):1.864E-43     Occ (Nu-hi):0.000E+00
           Tbr(FarIR):0.000E+00   Tbr(H n=6):4.486E+03   Tbr(1Ryd):3.435E-06   Tbr(4R):1.179E-37     Tbr (Nu-hi):0.000E+00
  
                                                  Gas Phase Chemical Composition
                                                       H :  0.0000  He: -1.0000
 
 ####  1  Te:6.429E+03 Hden:7.762E+16 Ne:4.598E+13 R:1.000E+30 R-R0:5.000E-01 dR:1.000E+00 NTR:  1 Htot:5.452E+03 T912: 4.92e-01###
 Hydrogen      9.99e-01 5.92e-04 H+o/Hden 1.00e+00 6.72e-09 H-    H2 2.20e-06 5.46e-10 H2+ HeH+ 5.73e-11 Ho+ ColD 7.76e+16 4.60e+13
 Helium        1.00e+00 5.76e-12 0.00e+00 HeI 2s3S 8.71e-16 Comp H,C 5.14e-05 5.14e-05 Fill Fac 1.00e+00 Gam1/tot 9.99e-01
 He singlet n  1.00e+00 6.90e-17 6.98e-17 1.08e-18 2.39e-18 4.08e-18 He tripl 8.71e-16 3.31e-16 4.65e-18 8.29e-18 1.23e-17
 Pressure      NgasTgas 5.49e+20 P(total) 7.58e+04 P( gas ) 7.58e+04 P(Radtn) 0.00e+00 Rad accl 1.95e+01 ForceMul 8.93e+03
 Texc(La)      6.43e+03 T(I con) 6.43e+03 T(D con) 1.71e+02 T(U tot) 6.43e+03 nT (c+d) 1.59e+09 Prad/Gas 0.00e+00 Pmag/Gas 0.00e+00
 Carbon        0.00e+00 0.00e+00 0.00e+00 0.00e+00 0.00e+00 0.00e+00 0.00e+00 H2O+/O   0.00e+00 OH+/Otot 0.00e+00 Hex(tot) 0.00e+00
 Nitrogen      0.00e+00 0.00e+00 0.00e+00 0.00e+00 0.00e+00 0.00e+00 0.00e+00 0.00e+00 O2/Ototl 0.00e+00 O2+/Otot 0.00e+00
   LTE opacity  
   Calculation stopped because NZONE reached. Iteration 1 of 2
   The geometry is plane-parallel.
 C-Density greater than 10**15, heavy elements are very uncertain.
 C-Continuum zero at some energies.
 C-The thickness of the first zone was set larger than optimal by a SET DR command.
 C-Consider using the STOP THICKNESS command instead.
  !The code needs to be fixed - search for fixit().
  !Continuum fluorescent production of H-beta was very important.
  !The high electron density makes the Nussbaumer/Storey CNO recombination predictions unreliable.
  !H2 vib deexec heating reached 48.52% of the local heating.
  !Continuum was lowered into model H -like H  due to high density.  Highest n is 20
  !The largest plasma frequency was 8.33e-04 Ryd = 1.09e+02 micron  The continuum is set to 0 below this.
  !The largest continuum occupation number was 4.842e+01 at 8.324e-04 Ryd.
  !The largest continuum brightness temperature was 6.364e+03K at 8.324e-04 Ryd.
  !AGE: Cloud age was not set.  Longest timescale was 4.96e+00 s.
  !Heating - cooling mismatch =123.2%. Caused by constant temperature assumption. 
  !Mutual neutralization production of H-alpha was significant.
  !The CMB was not included.  This is added with the CMB command.
   Induced recombination was  83.8% of the total for H level 64
   Stimulated emission was  99.3% of the total for H transition 55 - 54
   Induced recombination cooling was 1.3% of the total.
   H- absorption heating was 135.0% of the total.
   The continuum optical depth at the lowest energy considered (3.045e-09 Ryd) was 5.955e+06.

                       ********************************> Cloudy 13.06.01 <********************************
                       * title LTE opacity                                                               *
                       * init "hheonly.ini"                                                              *
                       * # Default abundance set has no grains                                           *
                       * #                                                                               *
                       * #                                                                               *
                       * # Thermal equilibrium radiation field                                           *
                       * blackbody, T = 6429 K, STE                                                      *
                       * #                                                                               *
                       * # commands for density & abundances =========                                   *
                       * hden 16.89                                                                      *
                       * #                                                                               *
                       * # commands controlling geometry  =========                                      *
                       * stop zone 1                                                                     *
                       * set dr 0                                                                        *
                       * #                                                                               *
                       * # other commands for details     =========                                      *
                       * iterate                                                                         *
                       * constant temperature 6429                                                       *
                       * species "H" LTE                                                                 *
                       * species "H+" LTE                                                                *
                       * species "H-" LTE                                                                *
                       * database H-like levels LTE                                                      *
                       * species "He" LTE                                                                *
                       * species "He+" LTE                                                               *
                       * species "He+2" LTE                                                              *
                       * database He-like levels LTE                                                     *
                       * #                                                                               *
                       * # commands controlling output    =========                                      *
                       * save hydrogen populations last ".hpop"                                          *
                       * save hydrogen conditions last ".hyd"                                            *
                       * save overview ".ovr"                                                            *
                       * save monitors last ".asr"                                                       *
                       * save total opacity last ".opac"                                                 *
                       * save species column densities last ".col"                                       *
                       * "e-"                                                                            *
                       * "H"                                                                             *
                       * "H+"                                                                            *
                       * "H-"                                                                            *
                       * "H2"                                                                            *
                       * "He"                                                                            *
                       * "He+"                                                                           *
                       * "He+2"                                                                          *
                       * end of species                                                                  *
                       * save cooling each last ".cool"                                                  *
                       * save lines, emissivity, last ".em"                                              *
                       * H  1 4861.36A                                                                   *
                       * TotH 0                                                                          *
                       * BFH1 0                                                                          *
                       * BFHx 0                                                                          *
                       * BFHe 0                                                                          *
                       * Ba C 0                                                                          *
                       * PA C 0                                                                          *
                       * ToFF 0                                                                          *
                       * end of lines                                                                    *
                       * save species departure coefficients last ".dep" "H[:]"                          *
                       * #                                                                               *
                       * # commands giving the monitors    =========                                     *
                       * monitor hminus departure coefficient 1. error 0.03                              *
                       * # .in                                                                           *
                       * #                                                                               *
                       * # class limit                                                                   *
                       * # ========================================                                      *
                       * #                                                                               *
                       *********************************> Log(U):-12.38 <*********************************
                       >>>>>>>>>> Cautions are present.

                     Emission Line Spectrum.   Constant  Density Model.    Open geometry.  Iteration 1 of 2.
                                                     Intensity (erg/s/cm^2).

WARNING: multiple matching lines found in search for "He 2" 4685.64A
WARNING: match 1 is "He 2      4685.64A [  4^2P->  3^2S]" (dwl=-0.00390625A)
WARNING: match 2 is "He 2      4685.64A [  4^2S->  3^2P]" (dwl=-0.00390625A)
WARNING: match 3 is "He 2      4685.64A [  4^2D->  3^2P]" (dwl=-0.00390625A)
WARNING: match 4 is "He 2      4685.64A [  4^2P->  3^2D]" (dwl=-0.00390625A)
WARNING: match 5 is "He 2      4685.64A [  4^2F->  3^2D]" (dwl=-0.00390625A)

                                                   Intrinsic line intensities
general properties...................      nFnu      1.11867m    4.218    3.8115      Ca B      3671.47A    0.682    0.0011
Inci            0    11.588 *********      nInu      1.11867m   11.174 *********      Ca B      1.87510m    2.982    0.2216
TotH            0     3.737    1.2589      nFnu      8329.68A    4.428    6.1894      Ca B      1.28180m    2.570    0.0857
TotC            0     4.361    5.3004      nInu      8329.68A   11.357 *********      Ca B      1.09380m    2.231    0.0393
BFH1            0     2.452    0.0654      nFnu      8078.61A    4.455    6.5809      Ca B      1.00493m    1.961    0.0211
H FB            0     2.925    0.1942      nInu      8078.61A   11.371 *********      Ca B      9545.93A    1.740    0.0127
HFBc            0     2.471    0.0682      nFnu      6209.66A    4.460    6.6596      Ca B      9228.97A    1.554    0.0083
Hind            0     1.861    0.0168      nInu      6209.66A   11.450 *********      Ca B      9014.87A    1.393    0.0057
continua.............................      nFnu      4885.36A    4.346    5.1178      Ca B      8862.74A    1.252    0.0041
Bac       3646.00A    3.885    1.7721      nInu      4885.36A   11.434 *********      Ca B      8750.43A    1.125    0.0031
nFnu      3645.00A    4.266    4.2618      nFnu      3704.34A    4.052    2.6055      Ca B      8664.98A    1.010    0.0024
nFnu      3647.00A    4.033    2.4896      nInu      3704.34A   11.277 *********      Ca B      8598.35A    0.905    0.0019
cout      3646.00A    3.584    0.8861      nFnu      3587.67A    4.245    4.0630      Ca B      8545.34A    0.809    0.0015
cref      3646.00A    3.584    0.8861      nInu      3587.67A   11.249 *********      Ca B      8502.44A    0.719    0.0012
thin      3646.00A    3.885    1.7721      nFnu      2430.05A    3.335    0.4996      Ca B      4.05113m    2.159    0.0333
Inci      4860.00A   11.433 *********      nInu      2430.05A   10.636 9977323.0      Ca B      2.62513m    1.847    0.0162
Inci      1215.00A    7.838 15883.525      nFnu      2392.03A    3.286    0.4461      Ca B      2.16551m    1.585    0.0089
Ba C            0     3.065    0.2683      nInu      2392.03A   10.597 9137480.0      Ca B      1.94454m    1.367    0.0054
PA C            0     2.665    0.1068      nFnu      2071.34A    2.832    0.1567      Ca B      1.81740m    1.183    0.0035
FIR       83.0000m    6.511  749.4123      nInu      2071.34A   10.220 3835685.5      Ca B      1.73620m    1.023    0.0024
TIR       1800.00m    0.851    0.0016      nFnu      2052.68A    2.798    0.1451      Ca B      1.68064m    0.882    0.0018
NIRa      2.85000m   11.227 *********      nInu      2052.68A   10.191 3581826.5      Ca B      1.64071m    0.756    0.0013
NIRb      3.00000m   10.940 *********      nFnu      1793.44A    2.348    0.0514      Ca B      1.61092m    0.642    0.0010
MIRa      15.0000m    9.173 343603.72      nInu      1793.44A    9.747 1289586.8      Ca B      7.45777m    1.517    0.0076
MIRb      22.5000m    9.176 346003.62      nFnu      1585.12A    1.985    0.0223      Ca B      4.65247m    1.282    0.0044
NMIR      21.7500m   11.227 *********      nInu      1585.12A    9.237 398116.56      Ca B      3.73951m    1.072    0.0027
TFIR      611.250m    1.595    0.0091      nFnu      1458.33A    1.839    0.0159      Ca B      3.29607m    0.891    0.0018
TALL      10000.0A   11.588 *********      nInu      1458.33A    8.848 162633.84      Ca B      3.03835m    0.733    0.0012
F12       12.0000m    8.425 61416.266      nFnu      1356.96A    1.842    0.0160      Ca B      12.3684m    1.004    0.0023
F25       25.0000m    7.363 5324.8271      nInu      1356.96A    8.486 70625.266      Ca B      7.50038m    0.821    0.0015
F60       60.0000m    6.474  688.1720      nFnu      1297.29A    2.012    0.0238      Ca B      5.90655m    0.648    0.0010
F100      100.000m    5.339   50.4039      nInu      1297.29A    8.225 38737.242      H  1      1215.67A    7.081 2782.4492
MIPS      24.0000m    7.066 2689.5312      nFnu      1262.79A    2.305    0.0466      H  1      1025.72A    5.402   58.2292
MIPS      70.0000m    5.731  124.2181      nInu      1262.79A    8.068 27027.162      H  1      972.537A    4.517    7.5927
MIPS      160.000m    0.921    0.0019      nFnu      1218.08A    4.952   20.6579      H  1      949.743A    3.990    2.2563
IRAC      3.60000m    9.379 553235.69      nInu      1218.08A    7.844 16139.104      H  1      937.804A    3.624    0.9715
IRAC      4.50000m    9.121 305173.56      nFnu      1196.33A    2.677    0.1098      H  1      930.748A    3.346    0.5119
IRAC      5.80000m    8.880 174979.12      nInu      1196.33A    7.739 12664.006      H  1      926.226A    3.121    0.3054
IRAC      8.00000m    8.662 105937.69      nFnu      1175.06A    1.948    0.0205      H  1      923.150A    2.934    0.1981
SPR1      250.000m    0.827    0.0016      nInu      1175.06A    7.632 9885.6914      H  1      920.963A    2.772    0.1365
SPR2      350.000m    0.654    0.0010      nFnu      1143.64A    1.179    0.0035      H  1      919.351A    2.629    0.0983
PAC1      70.0000m    5.791  142.6199      nInu      1143.64A    7.432 6245.7695      H  1      918.129A    2.502    0.0733
PAC2      100.000m    5.311   47.2679      nFnu      1113.22A    0.687    0.0011      H  1      917.181A    2.387    0.0563
PAC3      160.000m    1.197    0.0036      nInu      1113.22A    7.248 4091.6743      H  1      916.429A    2.282    0.0442
PAH       3.30000m    8.596 91066.945      nInu      1103.23A    7.202 3672.9529      H  1      915.824A    2.185    0.0353
PAHC      3.23000m    8.331 49461.551      nInu      1073.86A    7.010 2363.3975      H  1      915.329A    2.095    0.0287
PAHC      3.37000m    8.259 41951.180      nInu      1064.34A    6.937 1995.6538      H  1      914.919A    2.012    0.0237
PAH       6.20000m    8.290 44969.895      nInu      1035.92A    6.736 1258.1377      H  1      914.576A    1.933    0.0198
PAHC      5.65000m    8.430 62112.449      nInu      1000.00A    6.450  650.6070      H  1      914.286A    1.859    0.0167
PAH       7.90000m    8.177 34722.539      nInu      925.144A    5.808  148.4738      H  1      914.039A    1.790    0.0142
PAHC      6.90000m    8.405 58607.605      nFnu      897.800A    4.945   20.3394      H  1      6562.81A    4.494    7.1972
PAH       11.3000m    7.172 3428.9375      nInu      897.800A    5.201   36.6387      H  1      4861.33A    3.637    1.0000
PAHC      10.9000m    7.233 3946.1870      nFnu      760.023A    3.156    0.3310      H  1      4340.46A    3.118    0.3028
PAH       11.8000m    7.321 4832.7954      nInu      760.023A    3.652    1.0355      H  1      4101.73A    2.755    0.1314
PAHC      12.6500m    7.224 3868.3750      nFnu      701.514A    2.167    0.0339      H  1      3970.07A    2.479    0.0696
PAH       13.3000m    7.197 3635.7795      nInu      701.514A    2.770    0.1361      H  1      3889.05A    2.256    0.0416
PAHC      14.1000m    7.098 2891.4919      nInu      608.160A    0.947    0.0020      H  1      3835.38A    2.069    0.0271
Bcon      3640.00A   10.698 *********      RRC..................................      H  1      3797.89A    1.907    0.0187
Pcon      5000.00A   11.319 *********      H  1      911.753A    3.984    2.2235      H  1      3770.63A    1.765    0.0135
O3bn      5007.00A    9.819 1521458.8      H  1      3645.98A    2.596    0.0910      H  1      3750.15A    1.638    0.0100
HFFc            0     1.681    0.0111      H  1      3645.98A    2.972    0.2166      H  1      3734.36A    1.524    0.0077
H FF            0     2.475    0.0690      H  1      8203.53A    1.837    0.0159      H  1      3721.93A    1.419    0.0061
FF H            0     4.014    2.3822      H  1      8203.53A    2.263    0.0424      H  1      3711.97A    1.322    0.0048
ToFF            0     2.475    0.0690      H  1      8203.53A    2.207    0.0372      H  1      3703.85A    1.232    0.0039
nFnu      122.400m    5.560   83.8523      H  1      1.45841m    1.330    0.0049      H  1      3697.15A    1.149    0.0033
nInu      122.400m    5.560   83.8405      H  1      1.45841m    1.765    0.0134      H  1      3691.55A    1.070    0.0027
nFnu      60.8322m    2.085    0.0281      H  1      1.45841m    1.818    0.0152      H  1      3686.83A    0.997    0.0023
nInu      60.8322m    6.464  671.4133      H  1      1.45841m    1.526    0.0078      H  1      3682.80A    0.927    0.0020
nFnu      41.2152m    2.296    0.0456      H  1      2.27876m    0.957    0.0021      H  1      1.87510m    3.079    0.2767
nInu      41.2152m    6.968 2144.0410      H  1      2.27876m    1.392    0.0057      H  1      1.28180m    2.587    0.0892
nFnu      30.8695m    2.453    0.0655      H  1      2.27876m    1.479    0.0070      H  1      1.09380m    2.232    0.0394
nInu      30.8695m    7.342 5070.1992      H  1      2.27876m    1.337    0.0050      H  1      1.00493m    1.959    0.0210
nFnu      24.7829m    2.572    0.0861      H  1      2.27876m    0.885    0.0018      H  1      9545.93A    1.738    0.0126
nInu      24.7829m    7.624 9720.7930      H  1      3.28142m    0.665    0.0011      H  1      9228.97A    1.552    0.0082
nFnu      24.2998m    2.582    0.0882      H  1      3.28142m    1.098    0.0029      H  1      9014.87A    1.392    0.0057
nInu      24.2998m    7.650 10312.268      H  1      3.28142m    1.199    0.0036      H  1      8862.74A    1.250    0.0041
nFnu      22.8302m    2.615    0.0951      H  1      3.28142m    1.112    0.0030      H  1      8750.43A    1.124    0.0031
nInu      22.8302m    7.727 12310.094      H  1      3.28142m    0.835    0.0016      H  1      8664.98A    1.009    0.0024
nFnu      21.4199m    2.648    0.1028      H  1      4.46637m    0.858    0.0017      H  1      8598.35A    0.904    0.0019
nInu      21.4199m    7.808 14837.314      H  1      4.46637m    0.964    0.0021      H  1      8545.34A    0.808    0.0015
nFnu      21.1235m    2.657    0.1049      H  1      4.46637m    0.903    0.0018      H  1      8502.44A    0.718    0.0012
nInu      21.1235m    7.829 15584.053      H  1      4.46637m    0.698    0.0012      H  1      4.05113m    2.176    0.0346
nFnu      19.6199m    2.697    0.1149      H  1      5.83363m    0.656    0.0010      H  1      2.62513m    1.848    0.0163
nInu      19.6199m    7.923 19338.850      H  1      5.83363m    0.764    0.0013      H  1      2.16551m    1.583    0.0088
nFnu      17.6534m    2.752    0.1304      H  1      5.83363m    0.717    0.0012      H  1      1.94454m    1.365    0.0054
nInu      17.6534m    8.055 26199.670      H  1      11.0292m    0.960    0.0021      H  1      1.81740m    1.181    0.0035
nFnu      17.3700m    2.761    0.1331      H  1      13.1257m    0.848    0.0016      H  1      1.73620m    1.022    0.0024
nInu      17.3700m    8.076 27512.914      H  1      15.4044m    0.744    0.0013      H  1      1.68064m    0.881    0.0018
nFnu      15.6901m    2.815    0.1508      H  1      17.8655m    0.649    0.0010      H  1      1.64071m    0.755    0.0013
nInu      15.6901m    8.208 37242.863      grains...............................      H  1      1.61092m    0.641    0.0010
nFnu      14.6036m    2.852    0.1643      H-like iso-sequence..................      H  1      7.45777m    1.518    0.0076
nInu      14.6036m    8.297 45701.805      3bHt            0     1.701    0.0116      H  1      4.65247m    1.280    0.0044
nFnu      12.4300m    2.937    0.1998      Strk      6562.81A    0.695    0.0011      H  1      3.73951m    1.070    0.0027
nInu      12.4300m    8.503 73562.328      Ca B      1215.67A    4.076    2.7522      H  1      3.29607m    0.889    0.0018
nFnu      11.4000m    2.981    0.2212      Q(H)      4861.33A    3.661    1.0588      H  1      3.03835m    0.731    0.0012
nInu      11.4000m    8.612 94603.398      Q(H)      1215.67A    4.196    3.6256      H  1      12.3684m    1.002    0.0023
nFnu      10.4600m    3.026    0.2451      CaBo      4861.33A    2.590    0.0898      H  1      7.50038m    0.819    0.0015
nInu      10.4600m    8.721 121567.18      Ca B      6562.81A    4.023    2.4323      H  1      5.90655m    0.646    0.0010
nFnu      9.48002m    3.074    0.2738      Ca B      4861.33A    3.540    0.8008      He-like iso-sequence.................
nInu      9.48002m    8.842 160638.22      Ca B      4340.46A    3.101    0.2910      Pho+      3889.00A    2.159    0.0333
nFnu      9.32488m    3.082    0.2790      Ca B      4101.73A    2.754    0.1310      extra Lyman..........................
nInu      9.32488m    8.863 168525.56      Ca B      3970.07A    2.481    0.0698      database lines.......................
nFnu      8.21035m    3.145    0.3224      Ca B      3889.05A    2.258    0.0418      level 1 lines........................
nInu      8.21035m    9.021 242294.05      Ca B      3835.38A    2.071    0.0272      recombination........................
nFnu      7.58000m    3.183    0.3520      Ca B      3797.89A    1.909    0.0187      level2 lines.........................
nInu      7.58000m    9.120 304371.03      Ca B      3770.63A    1.767    0.0135      hyperfine structure..................
nFnu      7.05026m    3.219    0.3822      Ca B      3750.15A    1.640    0.0101      inner shell..........................
nInu      7.05026m    9.210 374812.41      Ca B      3734.36A    1.525    0.0077      molecules............................
nFnu      4.11370m    3.453    0.6555      Ca B      3721.93A    1.420    0.0061      H2vH            0     3.422    0.6108
nInu      4.11370m    9.861 1676458.8      Ca B      3711.97A    1.323    0.0049      H-FB            0     4.170    3.4170
nFnu      2.32440m    3.628    0.9805      Ca B      3703.85A    1.233    0.0039      H-FF            0     4.003    2.3243
nInu      2.32440m   10.501 7324146.0      Ca B      3697.15A    1.149    0.0033      H-CT      6562.81A    3.455    0.6583
nFnu      1.64313m    3.680    1.1050      Ca B      3691.55A    1.071    0.0027      H- H            0     3.390    0.5667
nInu      1.64313m   10.850 *********      Ca B      3686.83A    0.997    0.0023      H2+             0     3.889    1.7873
nFnu      1.48022m    3.806    1.4784      Ca B      3682.80A    0.927    0.0020      H2+p            0     1.287    0.0045
nInu      1.48022m   10.945 *********      Ca B      3679.35A    0.861    0.0017      blends...............................
nFnu      1.43649m    3.871    1.7159      Ca B      3676.36A    0.799    0.0015
nInu      1.43649m   10.971 *********      Ca B      3673.75A    0.739    0.0013

                                                    Emergent line intensities
 Caution: emergent intensities are not reliable on the first iteration.
general properties...................      Pcon      5000.00A   11.319 *********      H  1      3682.80A    0.927    0.0020
continua.............................      O3bn      5007.00A    9.819 1521458.8      H  1      1.87510m    3.079    0.2767
FIR       83.0000m    6.511  748.7937      RRC..................................      H  1      1.28180m    2.587    0.0892
TIR       1800.00m    0.841    0.0016      grains...............................      H  1      1.09380m    2.232    0.0394
NIRa      2.85000m   11.227 *********      H-like iso-sequence..................      H  1      1.00493m    1.959    0.0210
NIRb      3.00000m   10.940 *********      H  1      1215.67A    7.081 2782.4492      H  1      9545.93A    1.738    0.0126
MIRa      15.0000m    9.173 343598.53      H  1      1025.72A    5.402   58.2292      H  1      9228.97A    1.552    0.0082
MIRb      22.5000m    9.176 345996.03      H  1      972.537A    4.517    7.5927      H  1      9014.87A    1.392    0.0057
NMIR      21.7500m   11.227 *********      H  1      949.743A    3.990    2.2563      H  1      8862.74A    1.250    0.0041
TFIR      611.250m    1.594    0.0091      H  1      937.804A    3.624    0.9715      H  1      8750.43A    1.124    0.0031
TALL      10000.0A   11.588 *********      H  1      930.748A    3.346    0.5119      H  1      8664.98A    1.009    0.0024
F12       12.0000m    8.425 61415.328      H  1      926.226A    3.121    0.3054      H  1      8598.35A    0.904    0.0019
F25       25.0000m    7.363 5324.5586      H  1      923.150A    2.934    0.1981      H  1      8545.34A    0.808    0.0015
F60       60.0000m    6.474  688.0375      H  1      920.963A    2.772    0.1365      H  1      8502.44A    0.718    0.0012
F100      100.000m    5.339   50.3798      H  1      919.351A    2.629    0.0983      H  1      4.05113m    2.176    0.0346
MIPS      24.0000m    7.066 2689.4009      H  1      918.129A    2.502    0.0733      H  1      2.62513m    1.848    0.0163
MIPS      70.0000m    5.731  124.1841      H  1      917.181A    2.387    0.0563      H  1      2.16551m    1.583    0.0088
MIPS      160.000m    0.920    0.0019      H  1      916.429A    2.282    0.0442      H  1      1.94454m    1.365    0.0054
IRAC      3.60000m    9.379 553234.50      H  1      915.824A    2.185    0.0353      H  1      1.81740m    1.181    0.0035
IRAC      4.50000m    9.121 305172.56      H  1      915.329A    2.095    0.0287      H  1      1.73620m    1.022    0.0024
IRAC      5.80000m    8.880 174978.27      H  1      914.919A    2.012    0.0237      H  1      1.68064m    0.881    0.0018
IRAC      8.00000m    8.662 105936.80      H  1      914.576A    1.933    0.0198      H  1      1.64071m    0.755    0.0013
SPR1      250.000m    0.826    0.0015      H  1      914.286A    1.859    0.0167      H  1      1.61092m    0.641    0.0010
SPR2      350.000m    0.653    0.0010      H  1      914.039A    1.790    0.0142      H  1      7.45777m    1.518    0.0076
PAC1      70.0000m    5.791  142.5807      H  1      6562.81A    4.494    7.1972      H  1      4.65247m    1.280    0.0044
PAC2      100.000m    5.311   47.2448      H  1      4861.33A    3.637    1.0000      H  1      3.73951m    1.070    0.0027
PAC3      160.000m    1.197    0.0036      H  1      4340.46A    3.118    0.3028      H  1      3.29607m    0.889    0.0018
PAH       3.30000m    8.596 91066.781      H  1      4101.73A    2.755    0.1314      H  1      3.03835m    0.731    0.0012
PAHC      3.23000m    8.331 49461.461      H  1      3970.07A    2.479    0.0696      H  1      12.3684m    1.002    0.0023
PAHC      3.37000m    8.259 41951.102      H  1      3889.05A    2.256    0.0416      H  1      7.50038m    0.819    0.0015
PAH       6.20000m    8.290 44969.641      H  1      3835.38A    2.069    0.0271      H  1      5.90655m    0.646    0.0010
PAHC      5.65000m    8.430 62112.148      H  1      3797.89A    1.907    0.0187      He-like iso-sequence.................
PAH       7.90000m    8.177 34722.246      H  1      3770.63A    1.765    0.0135      extra Lyman..........................
PAHC      6.90000m    8.405 58607.207      H  1      3750.15A    1.638    0.0100      database lines.......................
PAH       11.3000m    7.172 3428.8850      H  1      3734.36A    1.524    0.0077      level 1 lines........................
PAHC      10.9000m    7.233 3946.1301      H  1      3721.93A    1.419    0.0061      recombination........................
PAH       11.8000m    7.321 4832.7144      H  1      3711.97A    1.322    0.0048      level2 lines.........................
PAHC      12.6500m    7.224 3868.3037      H  1      3703.85A    1.232    0.0039      hyperfine structure..................
PAH       13.3000m    7.197 3635.7078      H  1      3697.15A    1.149    0.0033      inner shell..........................
PAHC      14.1000m    7.098 2891.4290      H  1      3691.55A    1.070    0.0027      molecules............................
Bcon      3640.00A   10.698 *********      H  1      3686.83A    0.997    0.0023      blends...............................



 LTE opacity  
 Cooling:  H-FB            0 :0.645 H2+             0 :0.337  
 Heating:  BFH1            0 :0.052 H2vH            0 :0.485 H- H            0 :0.450  

 These are some of the most important databases used by Cloudy:
 Many recombination coefficients were taken from http://amdpp.phys.strath.ac.uk/tamoc/RR/ and http://amdpp.phys.strath.ac.uk/tamoc/DR/
      and are based on the following papers:
        Badnell N. R., et al., A&A 406, 1151 (2003) [http://adsabs.harvard.edu/abs/2003A%26A...406.1151B]
        Badnell N. R., ApJS 167, 334 (2006) [http://adsabs.harvard.edu/abs/2006ApJS..167..334B]
 Much of the molecular emission data is from LAMDA as accessed on June 30, 2015. This database is described in:
        Schoeier F.L., et al., A&A 432, 369 (2005) [http://adsabs.harvard.edu/abs/2005A%26A...432..369S]
      This database is in part based on the work of the following groups:
        JPL: Pickett H. M. et al., JQSRT, 60, 883 (1998). [http://adsabs.harvard.edu/abs/1998JQSRT..60..883P]
        CDMS: Mueller H. S. et al., A&A 370, L49 (2001). [http://adsabs.harvard.edu/abs/2001A%26A...370L..49M]
              Mueller H. S. et al., J. Mol. Struct. 742, 215 (2005). [http://adsabs.harvard.edu/abs/2005JMoSt.742..215M]
 Some of the ionic emission data is from version 7.1.4 of CHIANTI. CHIANTI is a collaborative project involving the NRL (USA), the
      Universities of Florence (Italy) and Cambridge (UK), and George Mason University (USA). These papers describe Chianti:
        Dere K. P., et al., A&AS, 125, 149 (1997) [http://adsabs.harvard.edu/abs/1997A%26AS..125..149D]
        Landi E., et al., ApJ, 744, 99 (2012) [http://adsabs.harvard.edu/abs/2012ApJ...744...99L]
 Much of the H_2 data is from this web site: http://molat.obspm.fr/index.php?page=pages/Molecules/H2/H2can94.php. These data are
      described in:
        Abgrall H. et al., Can. J. Phys., 72, 856 (1994) [http://adsabs.harvard.edu/abs/1994CaJPh..72..856A]
        Wrathmall S. A. & Flower D. R., J. Phys. B, 40, 3221 (2007) [http://adsabs.harvard.edu/abs/2007JPhB...40.3221W]
 The Case A and Case B recombination predictions for one-electron systems are from
	Storey, P.J. & Hummer, D.G., 1995, MNRAS 272, 41 http://adsabs.harvard.edu/abs/1995MNRAS.272...41S
 The He I recombination predictions are from
	Porter, R. L.; Ferland, G. J.; Storey, P. J.; Detisch, M. J., 2012, MNRAS, 425, 28p http://adsabs.harvard.edu/abs/2012MNRAS.425L..28P
		http://adsabs.harvard.edu/abs/2013MNRAS.433L..89P

 If you find some process or data set to be particularly critical to a result, please follow the trail of references back to the
 original source and cite that.  This will support and encourage atomic, molecular, and chemical physicists to continue their
 valuable work.

 IONIZE PARMET:  U(1-)-12.3841  U(4-):-43.2100  U(sp):-12.38  Q(ion):   14.897  L(ion)  4.254    Q(low): 23.208    L(low) 11.588
 ENERGY BUDGET:  Heat:   3.737  Coolg:   4.361  Error:321.0%  Rec Lin:  -0.977  F-F  H  0.000    P(rad/tot)max     0.00E+00    R(F Con):1.737e+05

     Col(Heff):      1.544E+16  snd travl time  1.55E-06 sec  Te-low: 6.43E+03  Te-hi: 6.43E+03  G0TH85: 1.27E+12  G0DB96:2.61E+09
  Emiss Measure    n(e)n(p) dl       2.114E+27  n(e)n(He+)dl         2.055E+18  En(e)n(He++) dl         0.000E+00  ne nC+:0.00E+00
 He/Ha:3.88E-09  =   0.00*true  Lthin:4.92E-01  itr/zn: 1.00  H2 itr/zn:  0.00  File Opacity: F  MassTot 1.82e-07  (gm/cm^2)
   Temps(21 cm)   T(21cm/Ly a)  0.00E+00        T(<nH/Tkin>)  6.43E+03          T(<nH/Tspin>)    6.44E+03          TB21cm:0.00E+00
                   N(H0/Tspin)  1.21E+13        N(OH/Tkin)    0.00E+00          B(21cm)          0.00E+00
   <a>:1.95E+01  erdeFe0.0E+00  Tcompt2.02E-13  Tthr4.96E+00  <Tden>: 6.43E+03  <dens>:1.82E-07  <MolWgt>1.28E+00
     Mean Jeans  l(cm)1.04E+13  M(sun)5.39E-02  smallest:     len(cm):1.04E+13  M(sun):5.39E-02  a_ox tran:  0.00
 Rion:1.000E+30  Dist:0.00E+00  Diam:0.000E+00
 Hatom level 65  HatomType: add  HInducImp  T  He tot level: 63  He2 level:   70  ExecTime     3.4
 ConvrgError(%)  <eden>  0.000  MaxEden  0.000  <H-C>  76.25  Max(H-C)   76.25  <Press>   0.000  MaxPrs er  0.000
  Continuity(%)  chng Te   0.0  elec den   0.0  n(H2)    0.0  n(CO)        0.0

                                                        Averaged Quantities
             Te      Te(Ne)   Te(NeNp)  Te(NeHe+)Te(NeHe2+) Te(NeO+)  Te(NeO2+)  Te(H2)     N(H)     Ne(O2+)   Ne(Np)
 Radius:  6.43e+03  6.43e+03  6.43e+03  6.43e+03  0.00e+00  0.00e+00  0.00e+00  6.43e+03  7.76e+16  0.00e+00  4.60e+13

 Contin Optical Depths: COMP: 3.06e-11    H-:-7.53e-09 R(1300): 5.21e-07  H2+: 2.97e-10  Bra:3.82E-07
                          Pa: 8.90e-08    Ba: 2.68e-08      Hb: 1.90e-08   La: 1.28e-03     1r:4.922E-01  1.8:1.53E-01 4.:2.289E-02

 Old, new H  1 continuum optical depths:
     1 1.00e+08     2 0.00e+00     3 0.00e+00     4 0.00e+00     5 0.00e+00     6 0.00e+00     7 0.00e+00     8 0.00e+00
     9 0.00e+00    10 0.00e+00    11 0.00e+00    12 0.00e+00    13 0.00e+00    14 0.00e+00    15 0.00e+00    16 0.00e+00
    17 0.00e+00    18 0.00e+00    19 0.00e+00    20 0.00e+00    21 0.00e+00    22 0.00e+00    23 0.00e+00    24 0.00e+00
    25 0.00e+00    26 0.00e+00    27 0.00e+00    28 0.00e+00    29 0.00e+00    30 0.00e+00    31 0.00e+00    32 0.00e+00
    33 0.00e+00    34 0.00e+00    35 0.00e+00    36 0.00e+00    37 0.00e+00    38 0.00e+00    39 0.00e+00    40 0.00e+00
    41 0.00e+00    42 0.00e+00    43 0.00e+00    44 0.00e+00    45 0.00e+00    46 0.00e+00    47 0.00e+00    48 0.00e+00
    49 0.00e+00    50 0.00e+00    51 0.00e+00    52 0.00e+00    53 0.00e+00    54 0.00e+00
     1 4.92e-01     2 5.61e-08     3 3.32e-08     4 3.32e-08     5 3.32e-08     6 5.53e-08     7 5.53e-08     8 5.53e-08
     9 5.53e-08    10 1.31e-07    11 1.31e-07    12 1.31e-07    13 1.31e-07    14 1.31e-07    15 2.61e-07    16 2.61e-07
    17 2.61e-07    18 2.61e-07    19 2.61e-07    20 2.61e-07    21 4.55e-07    22 4.55e-07    23 4.55e-07    24 4.55e-07
    25 4.55e-07    26 4.55e-07    27 4.55e-07    28 7.31e-07    29 7.31e-07    30 7.31e-07    31 7.31e-07    32 7.31e-07
    33 7.31e-07    34 7.31e-07    35 7.31e-07    36 1.11e-06    37 1.11e-06    38 1.11e-06    39 1.11e-06    40 1.11e-06
    41 1.11e-06    42 1.11e-06    43 1.11e-06    44 1.11e-06    45 1.59e-06    46 1.59e-06    47 1.59e-06    48 1.59e-06
    49 1.59e-06    50 1.59e-06    51 1.59e-06    52 1.59e-06    53 1.59e-06    54 1.59e-06

 Old, new H  1 mean line optical depths:
  2- 1 1.61e+20  3- 2 3.85e+02  4- 3 2.84e-42  5- 4 6.88e-42  6- 5 1.42e-41  7- 6 2.60e-41  8- 7 4.41e-41
  9- 8 7.02e-41 10- 9 1.06e-40 11-10 0.00e+00 12-11 0.00e+00 13-12 0.00e+00 14-13 0.00e+00 15-14 0.00e+00 16-15 0.00e+00
 17-16 0.00e+00 18-17 0.00e+00 19-18 0.00e+00 20-19 0.00e+00
  2- 1 1.01e+04  3- 2 3.29e-03  4- 3 6.63e-04  5- 4 5.79e-04  6- 5 6.95e-04  7- 6 9.08e-04  8- 7 1.21e-03
  9- 8 1.60e-03 10- 9 2.09e-03 11-10 2.68e-03 12-11 3.40e-03 13-12 4.25e-03 14-13 5.24e-03 15-14 6.38e-03 16-15 7.68e-03
 17-16 9.16e-03 18-17 1.08e-02 19-18 1.27e-02 20-19 1.47e-02

 Old, new He 2 continuum optical depths:
     1 3.43e+06     2 9.96e+07     3 0.00e+00     4 0.00e+00     5 0.00e+00     6 0.00e+00     7 0.00e+00     8 0.00e+00
     9 0.00e+00    10 0.00e+00    11 0.00e+00    12 0.00e+00    13 0.00e+00    14 0.00e+00    15 0.00e+00    16 0.00e+00
    17 0.00e+00    18 0.00e+00    19 0.00e+00    20 0.00e+00    21 0.00e+00    22 0.00e+00    23 0.00e+00    24 0.00e+00
    25 0.00e+00    26 0.00e+00    27 0.00e+00    28 0.00e+00    29 0.00e+00    30 0.00e+00    31 0.00e+00    32 0.00e+00
    33 0.00e+00    34 0.00e+00    35 0.00e+00    36 0.00e+00    37 0.00e+00    38 0.00e+00    39 0.00e+00    40 0.00e+00
    41 0.00e+00    42 0.00e+00    43 0.00e+00    44 0.00e+00    45 0.00e+00    46 0.00e+00    47 0.00e+00    48 0.00e+00
    49 0.00e+00    50 0.00e+00    51 0.00e+00    52 0.00e+00    53 0.00e+00    54 0.00e+00
     1 2.29e-02     2 4.90e-01     3 1.41e-08     4 1.41e-08     5 1.41e-08     6 5.61e-08     7 5.61e-08     8 5.61e-08
     9 5.61e-08    10 2.29e-08    11 2.29e-08    12 2.29e-08    13 2.29e-08    14 2.29e-08    15 3.32e-08    16 3.32e-08
    17 3.32e-08    18 3.32e-08    19 3.32e-08    20 3.32e-08    21 3.56e-08    22 3.56e-08    23 3.56e-08    24 3.56e-08
    25 3.56e-08    26 3.56e-08    27 3.56e-08    28 5.53e-08    29 5.53e-08    30 5.53e-08    31 5.53e-08    32 5.53e-08
    33 5.53e-08    34 5.53e-08    35 5.53e-08    36 8.60e-08    37 8.60e-08    38 8.60e-08    39 8.60e-08    40 8.60e-08
    41 8.60e-08    42 8.60e-08    43 8.60e-08    44 8.60e-08    45 1.31e-07    46 1.31e-07    47 1.31e-07    48 1.31e-07
    49 1.31e-07    50 1.31e-07    51 1.31e-07    52 1.31e-07    53 1.31e-07    54 1.31e-07

 Old, new He 2 mean line optical depths:
  2- 1 1.61e+19  3- 2 3.85e+01  4- 3 7.08e-43  5- 4 1.72e-42  6- 5 3.53e-42  7- 6 6.50e-42  8- 7 1.10e-41
  9- 8 1.75e-41 10- 9 2.66e-41 11-10 0.00e+00 12-11 0.00e+00 13-12 0.00e+00 14-13 0.00e+00 15-14 0.00e+00 16-15 0.00e+00
 17-16 0.00e+00 18-17 0.00e+00 19-18 0.00e+00 20-19 0.00e+00 21-20 0.00e+00 22-21 0.00e+00 23-22 0.00e+00 24-23 0.00e+00
 25-24 0.00e+00
  2- 1 0.00e+00  3- 2 0.00e+00  4- 3 0.00e+00  5- 4 0.00e+00  6- 5 0.00e+00  7- 6 0.00e+00  8- 7 0.00e+00
  9- 8 0.00e+00 10- 9 0.00e+00 11-10 0.00e+00 12-11 0.00e+00 13-12 0.00e+00 14-13 0.00e+00 15-14 0.00e+00 16-15 0.00e+00
 17-16 0.00e+00 18-17 0.00e+00 19-18 0.00e+00 20-19 0.00e+00 21-20 0.00e+00 22-21 0.00e+00 23-22 0.00e+00 24-23 0.00e+00
 25-24 0.00e+00

 Old He Is optical depths:    1 2.36e+07    2 0.00e+00    3 0.00e+00    4 0.00e+00    5 0.00e+00
 New He Is optical depths:    1 1.53e-01    2 2.46e-08    3 3.84e-08    4 4.80e-08    5 4.80e-08
          Old He Is Lines:  584 0.00e+00 3889 0.00e+00 5016 0.00e+00 5876 0.00e+00
          New He Is Lines:  584 6.42e+02 3889 1.03e-09 5016 2.06e-13 5876 3.95e-12
LTE opacity  


          Start Iteration Number 2                                                                 LTE opacity  


WARNING: no exact matching lines found for "H  1" 4861.36A
Taking best match as "H  1      4861.33A"
 ####  1  Te:6.429E+03 Hden:7.762E+16 Ne:4.598E+13 R:1.000E+30 R-R0:5.000E-01 dR:1.000E+00 NTR:  1 Htot:5.998E+03 T912: 4.92e-01###
 Hydrogen      9.99e-01 5.92e-04 H+o/Hden 1.00e+00 6.72e-09 H-    H2 2.20e-06 5.46e-10 H2+ HeH+ 5.73e-11 Ho+ ColD 7.76e+16 4.60e+13
 Helium        1.00e+00 5.76e-12 0.00e+00 HeI 2s3S 8.71e-16 Comp H,C 5.14e-05 5.14e-05 Fill Fac 1.00e+00 Gam1/tot 9.99e-01
 He singlet n  1.00e+00 6.90e-17 6.98e-17 1.08e-18 2.39e-18 4.08e-18 He tripl 8.71e-16 3.31e-16 4.65e-18 8.29e-18 1.23e-17
 Pressure      NgasTgas 5.49e+20 P(total) 7.58e+04 P( gas ) 7.58e+04 P(Radtn) 0.00e+00 Rad accl 1.95e+01 ForceMul 8.93e+03
 Texc(La)      6.43e+03 T(I con) 6.43e+03 T(D con) 1.18e+02 T(U tot) 6.43e+03 nT (c+d) 1.58e+09 Prad/Gas 0.00e+00 Pmag/Gas 0.00e+00
 Carbon        0.00e+00 0.00e+00 0.00e+00 0.00e+00 0.00e+00 0.00e+00 0.00e+00 H2O+/O   0.00e+00 OH+/Otot 0.00e+00 Hex(tot) 0.00e+00
 Nitrogen      0.00e+00 0.00e+00 0.00e+00 0.00e+00 0.00e+00 0.00e+00 0.00e+00 0.00e+00 O2/Ototl 0.00e+00 O2+/Otot 0.00e+00
   LTE opacity  
   Calculation stopped because NZONE reached. Iteration 2 of 2
   The geometry is plane-parallel.
 C-Density greater than 10**15, heavy elements are very uncertain.
 C-Continuum zero at some energies.
 C-The thickness of the first zone was set larger than optimal by a SET DR command.
 C-Consider using the STOP THICKNESS command instead.
  !The code needs to be fixed - search for fixit().
  !Continuum fluorescent production of H-beta was very important.
  !The high electron density makes the Nussbaumer/Storey CNO recombination predictions unreliable.
  !H2 vib deexec heating reached 44.10% of the local heating.
  !Continuum was lowered into model H -like H  due to high density.  Highest n is 20
  !The largest plasma frequency was 8.33e-04 Ryd = 1.09e+02 micron  The continuum is set to 0 below this.
  !The largest continuum occupation number was 4.842e+01 at 8.324e-04 Ryd.
  !The largest continuum brightness temperature was 6.364e+03K at 8.324e-04 Ryd.
  !AGE: Cloud age was not set.  Longest timescale was 5.02e+00 s.
  !Heating - cooling mismatch =116.3%. Caused by constant temperature assumption. 
  !Mutual neutralization production of H-alpha was significant.
  !The CMB was not included.  This is added with the CMB command.
   Induced recombination was  83.8% of the total for H level 64
   Stimulated emission was  99.3% of the total for H transition 55 - 54
   Induced recombination cooling was 1.2% of the total.
   H- absorption heating was 122.8% of the total.
   The continuum optical depth at the lowest energy considered (3.045e-09 Ryd) was 5.955e+06.
 Cloudy compiled on Aug 31 2017 in OS Apple MacOS using the clang++ 810 compiler. Mode I32LP64, denormalized float: T double: T.


                       ********************************> Cloudy 13.06.01 <********************************
                       * title LTE opacity                                                               *
                       * init "hheonly.ini"                                                              *
                       * # Default abundance set has no grains                                           *
                       * #                                                                               *
                       * #                                                                               *
                       * # Thermal equilibrium radiation field                                           *
                       * blackbody, T = 6429 K, STE                                                      *
                       * #                                                                               *
                       * # commands for density & abundances =========                                   *
                       * hden 16.89                                                                      *
                       * #                                                                               *
                       * # commands controlling geometry  =========                                      *
                       * stop zone 1                                                                     *
                       * set dr 0                                                                        *
                       * #                                                                               *
                       * # other commands for details     =========                                      *
                       * iterate                                                                         *
                       * constant temperature 6429                                                       *
                       * species "H" LTE                                                                 *
                       * species "H+" LTE                                                                *
                       * species "H-" LTE                                                                *
                       * database H-like levels LTE                                                      *
                       * species "He" LTE                                                                *
                       * species "He+" LTE                                                               *
                       * species "He+2" LTE                                                              *
                       * database He-like levels LTE                                                     *
                       * #                                                                               *
                       * # commands controlling output    =========                                      *
                       * save hydrogen populations last ".hpop"                                          *
                       * save hydrogen conditions last ".hyd"                                            *
                       * save overview ".ovr"                                                            *
                       * save monitors last ".asr"                                                       *
                       * save total opacity last ".opac"                                                 *
                       * save species column densities last ".col"                                       *
                       * "e-"                                                                            *
                       * "H"                                                                             *
                       * "H+"                                                                            *
                       * "H-"                                                                            *
                       * "H2"                                                                            *
                       * "He"                                                                            *
                       * "He+"                                                                           *
                       * "He+2"                                                                          *
                       * end of species                                                                  *
                       * save cooling each last ".cool"                                                  *
                       * save lines, emissivity, last ".em"                                              *
                       * H  1 4861.36A                                                                   *
                       * TotH 0                                                                          *
                       * BFH1 0                                                                          *
                       * BFHx 0                                                                          *
                       * BFHe 0                                                                          *
                       * Ba C 0                                                                          *
                       * PA C 0                                                                          *
                       * ToFF 0                                                                          *
                       * end of lines                                                                    *
                       * save species departure coefficients last ".dep" "H[:]"                          *
                       * #                                                                               *
                       * # commands giving the monitors    =========                                     *
                       * monitor hminus departure coefficient 1. error 0.03                              *
                       * # .in                                                                           *
                       * #                                                                               *
                       * # class limit                                                                   *
                       * # ========================================                                      *
                       * #                                                                               *
                       *********************************> Log(U):-12.38 <*********************************
                       >>>>>>>>>> Cautions are present.

                     Emission Line Spectrum.   Constant  Density Model.    Open geometry.  Iteration 2 of 2.
                                                     Intensity (erg/s/cm^2).

WARNING: multiple matching lines found in search for "He 2" 4685.64A
WARNING: match 1 is "He 2      4685.64A [  4^2P->  3^2S]" (dwl=-0.00390625A)
WARNING: match 2 is "He 2      4685.64A [  4^2S->  3^2P]" (dwl=-0.00390625A)
WARNING: match 3 is "He 2      4685.64A [  4^2D->  3^2P]" (dwl=-0.00390625A)
WARNING: match 4 is "He 2      4685.64A [  4^2P->  3^2D]" (dwl=-0.00390625A)
WARNING: match 5 is "He 2      4685.64A [  4^2F->  3^2D]" (dwl=-0.00390625A)

                                                   Intrinsic line intensities
general properties...................      nFnu      1.11867m    4.218    3.8115      Ca B      3673.75A    0.739    0.0013
Inci            0    11.588 *********      nInu      1.11867m   11.174 *********      Ca B      3671.47A    0.682    0.0011
TotH            0     3.778    1.3849      nFnu      8329.68A    4.428    6.1894      Ca B      1.87510m    2.982    0.2216
TotC            0     4.355    5.2321      nInu      8329.68A   11.357 *********      Ca B      1.28180m    2.570    0.0857
BFH1            0     2.452    0.0654      nFnu      8078.61A    4.455    6.5809      Ca B      1.09380m    2.231    0.0393
BFHx            0     2.737    0.1260      nInu      8078.61A   11.371 *********      Ca B      1.00493m    1.961    0.0211
HFBh            0     2.737    0.1260      nFnu      6209.66A    4.460    6.6596      Ca B      9545.93A    1.740    0.0127
Hind            0     1.861    0.0168      nInu      6209.66A   11.450 *********      Ca B      9228.97A    1.554    0.0083
continua.............................      nFnu      4885.36A    4.346    5.1178      Ca B      9014.87A    1.393    0.0057
Bac       3646.00A    3.885    1.7721      nInu      4885.36A   11.434 *********      Ca B      8862.74A    1.252    0.0041
nFnu      3645.00A    4.266    4.2618      nFnu      3704.34A    4.052    2.6055      Ca B      8750.43A    1.125    0.0031
nFnu      3647.00A    4.033    2.4896      nInu      3704.34A   11.277 *********      Ca B      8664.98A    1.010    0.0024
cout      3646.00A    3.584    0.8861      nFnu      3587.67A    4.245    4.0630      Ca B      8598.35A    0.905    0.0019
cref      3646.00A    3.584    0.8861      nInu      3587.67A   11.249 *********      Ca B      8545.34A    0.809    0.0015
thin      3646.00A    3.885    1.7721      nFnu      2430.05A    3.335    0.4996      Ca B      8502.44A    0.719    0.0012
Inci      4860.00A   11.433 *********      nInu      2430.05A   10.636 9977323.0      Ca B      4.05113m    2.159    0.0333
Inci      1215.00A    7.838 15883.525      nFnu      2392.03A    3.286    0.4461      Ca B      2.62513m    1.847    0.0162
Ba C            0     3.065    0.2683      nInu      2392.03A   10.597 9137480.0      Ca B      2.16551m    1.585    0.0089
PA C            0     2.665    0.1068      nFnu      2071.34A    2.832    0.1567      Ca B      1.94454m    1.367    0.0054
FIR       83.0000m    6.511  749.4123      nInu      2071.34A   10.220 3835685.5      Ca B      1.81740m    1.183    0.0035
TIR       1800.00m    0.851    0.0016      nFnu      2052.68A    2.798    0.1451      Ca B      1.73620m    1.023    0.0024
NIRa      2.85000m   11.227 *********      nInu      2052.68A   10.191 3581826.5      Ca B      1.68064m    0.882    0.0018
NIRb      3.00000m   10.940 *********      nFnu      1793.44A    2.348    0.0514      Ca B      1.64071m    0.756    0.0013
MIRa      15.0000m    9.173 343603.72      nInu      1793.44A    9.747 1289586.8      Ca B      1.61092m    0.642    0.0010
MIRb      22.5000m    9.176 346003.62      nFnu      1585.12A    1.985    0.0223      Ca B      7.45777m    1.517    0.0076
NMIR      21.7500m   11.227 *********      nInu      1585.12A    9.237 398116.56      Ca B      4.65247m    1.282    0.0044
TFIR      611.250m    1.595    0.0091      nFnu      1458.33A    1.839    0.0159      Ca B      3.73951m    1.072    0.0027
TALL      10000.0A   11.588 *********      nInu      1458.33A    8.848 162633.84      Ca B      3.29607m    0.891    0.0018
F12       12.0000m    8.425 61416.266      nFnu      1356.96A    1.842    0.0160      Ca B      3.03835m    0.733    0.0012
F25       25.0000m    7.363 5324.8271      nInu      1356.96A    8.486 70625.266      Ca B      12.3684m    1.004    0.0023
F60       60.0000m    6.474  688.1720      nFnu      1297.29A    2.012    0.0238      Ca B      7.50038m    0.821    0.0015
F100      100.000m    5.339   50.4039      nInu      1297.29A    8.225 38737.242      Ca B      5.90655m    0.648    0.0010
MIPS      24.0000m    7.066 2689.5312      nFnu      1262.79A    2.305    0.0466      H  1      1215.67A    7.081 2782.6355
MIPS      70.0000m    5.731  124.2181      nInu      1262.79A    8.068 27027.162      H  1      1025.72A    5.109   29.7001
MIPS      160.000m    0.921    0.0019      nFnu      1218.08A    4.952   20.6579      H  1      972.537A    4.225    3.8736
IRAC      3.60000m    9.379 553235.69      nInu      1218.08A    7.844 16139.104      H  1      949.743A    3.698    1.1516
IRAC      4.50000m    9.121 305173.56      nFnu      1196.33A    2.677    0.1098      H  1      937.804A    3.332    0.4962
IRAC      5.80000m    8.880 174979.12      nInu      1196.33A    7.739 12664.006      H  1      930.748A    3.054    0.2617
IRAC      8.00000m    8.662 105937.69      nFnu      1175.06A    1.948    0.0205      H  1      926.226A    2.831    0.1564
SPR1      250.000m    0.827    0.0016      nInu      1175.06A    7.632 9885.6914      H  1      923.150A    2.644    0.1017
SPR2      350.000m    0.654    0.0010      nFnu      1143.64A    1.179    0.0035      H  1      920.963A    2.483    0.0702
PAC1      70.0000m    5.791  142.6199      nInu      1143.64A    7.432 6245.7695      H  1      919.351A    2.342    0.0508
PAC2      100.000m    5.311   47.2679      nFnu      1113.22A    0.687    0.0011      H  1      918.129A    2.217    0.0380
PAC3      160.000m    1.197    0.0036      nInu      1113.22A    7.248 4091.6743      H  1      917.181A    2.104    0.0294
PAH       3.30000m    8.596 91066.945      nInu      1103.23A    7.202 3672.9529      H  1      916.429A    2.002    0.0232
PAHC      3.23000m    8.331 49461.551      nInu      1073.86A    7.010 2363.3975      H  1      915.824A    1.909    0.0187
PAHC      3.37000m    8.259 41951.180      nInu      1064.34A    6.937 1995.6538      H  1      915.329A    1.825    0.0154
PAH       6.20000m    8.290 44969.895      nInu      1035.92A    6.736 1258.1377      H  1      914.919A    1.747    0.0129
PAHC      5.65000m    8.430 62112.449      nInu      1000.00A    6.450  650.6070      H  1      914.576A    1.675    0.0109
PAH       7.90000m    8.177 34722.539      nInu      925.144A    5.808  148.4738      H  1      914.286A    1.609    0.0094
PAHC      6.90000m    8.405 58607.605      nFnu      897.800A    4.945   20.3394      H  1      914.039A    1.548    0.0082
PAH       11.3000m    7.172 3428.9375      nInu      897.800A    5.201   36.6387      H  1      6562.81A    4.494    7.1972
PAHC      10.9000m    7.233 3946.1870      nFnu      760.023A    3.156    0.3310      H  1      4861.33A    3.637    1.0000
PAH       11.8000m    7.321 4832.7954      nInu      760.023A    3.652    1.0355      H  1      4340.46A    3.118    0.3028
PAHC      12.6500m    7.224 3868.3750      nFnu      701.514A    2.167    0.0339      H  1      4101.73A    2.755    0.1314
PAH       13.3000m    7.197 3635.7795      nInu      701.514A    2.770    0.1361      H  1      3970.07A    2.479    0.0696
PAHC      14.1000m    7.098 2891.4919      nInu      608.160A    0.947    0.0020      H  1      3889.05A    2.256    0.0416
Bcon      3640.00A   10.698 *********      RRC..................................      H  1      3835.38A    2.069    0.0271
Pcon      5000.00A   11.319 *********      H  1      911.753A    3.816    1.5129      H  1      3797.89A    1.907    0.0187
O3bn      5007.00A    9.819 1521458.8      H  1      3645.98A    2.596    0.0910      H  1      3770.63A    1.765    0.0135
HFFc            0     1.681    0.0111      H  1      3645.98A    2.972    0.2166      H  1      3750.15A    1.638    0.0100
H FF            0     2.475    0.0690      H  1      8203.53A    1.837    0.0159      H  1      3734.36A    1.524    0.0077
FF H            0     4.014    2.3822      H  1      8203.53A    2.263    0.0424      H  1      3721.93A    1.419    0.0061
ToFF            0     2.475    0.0690      H  1      8203.53A    2.207    0.0372      H  1      3711.97A    1.322    0.0048
nFnu      122.400m    1.710    0.0118      H  1      1.45841m    1.330    0.0049      H  1      3703.85A    1.232    0.0039
nFnu      60.8322m    2.085    0.0281      H  1      1.45841m    1.765    0.0134      H  1      3697.15A    1.149    0.0033
nInu      60.8322m    6.464  671.4133      H  1      1.45841m    1.818    0.0152      H  1      3691.55A    1.070    0.0027
nFnu      41.2152m    2.296    0.0456      H  1      1.45841m    1.526    0.0078      H  1      3686.83A    0.997    0.0023
nInu      41.2152m    6.968 2144.0410      H  1      2.27876m    0.957    0.0021      H  1      3682.80A    0.927    0.0020
nFnu      30.8695m    2.453    0.0655      H  1      2.27876m    1.392    0.0057      H  1      1.87510m    3.079    0.2767
nInu      30.8695m    7.342 5070.1992      H  1      2.27876m    1.479    0.0070      H  1      1.28180m    2.587    0.0892
nFnu      24.7829m    2.572    0.0861      H  1      2.27876m    1.337    0.0050      H  1      1.09380m    2.232    0.0394
nInu      24.7829m    7.624 9720.7930      H  1      2.27876m    0.885    0.0018      H  1      1.00493m    1.959    0.0210
nFnu      24.2998m    2.582    0.0882      H  1      3.28142m    0.665    0.0011      H  1      9545.93A    1.738    0.0126
nInu      24.2998m    7.650 10312.268      H  1      3.28142m    1.098    0.0029      H  1      9228.97A    1.552    0.0082
nFnu      22.8302m    2.615    0.0951      H  1      3.28142m    1.199    0.0036      H  1      9014.87A    1.392    0.0057
nInu      22.8302m    7.727 12310.094      H  1      3.28142m    1.112    0.0030      H  1      8862.74A    1.250    0.0041
nFnu      21.4199m    2.648    0.1028      H  1      3.28142m    0.835    0.0016      H  1      8750.43A    1.124    0.0031
nInu      21.4199m    7.808 14837.314      H  1      4.46637m    0.858    0.0017      H  1      8664.98A    1.009    0.0024
nFnu      21.1235m    2.657    0.1049      H  1      4.46637m    0.964    0.0021      H  1      8598.35A    0.904    0.0019
nInu      21.1235m    7.829 15584.053      H  1      4.46637m    0.903    0.0018      H  1      8545.34A    0.808    0.0015
nFnu      19.6199m    2.697    0.1149      H  1      4.46637m    0.698    0.0012      H  1      8502.44A    0.718    0.0012
nInu      19.6199m    7.923 19338.850      H  1      5.83363m    0.656    0.0010      H  1      4.05113m    2.176    0.0346
nFnu      17.6534m    2.752    0.1304      H  1      5.83363m    0.764    0.0013      H  1      2.62513m    1.848    0.0163
nInu      17.6534m    8.055 26199.670      H  1      5.83363m    0.717    0.0012      H  1      2.16551m    1.583    0.0088
nFnu      17.3700m    2.761    0.1331      H  1      11.0292m    0.960    0.0021      H  1      1.94454m    1.365    0.0054
nInu      17.3700m    8.076 27512.914      H  1      13.1257m    0.848    0.0016      H  1      1.81740m    1.181    0.0035
nFnu      15.6901m    2.815    0.1508      H  1      15.4044m    0.744    0.0013      H  1      1.73620m    1.022    0.0024
nInu      15.6901m    8.208 37242.863      H  1      17.8655m    0.649    0.0010      H  1      1.68064m    0.881    0.0018
nFnu      14.6036m    2.852    0.1643      grains...............................      H  1      1.64071m    0.755    0.0013
nInu      14.6036m    8.297 45701.805      H-like iso-sequence..................      H  1      1.61092m    0.641    0.0010
nFnu      12.4300m    2.937    0.1998      3bHt            0     1.701    0.0116      H  1      7.45777m    1.518    0.0076
nInu      12.4300m    8.503 73562.328      Strk      6562.81A    0.695    0.0011      H  1      4.65247m    1.280    0.0044
nFnu      11.4000m    2.981    0.2212      Ca B      1215.67A    4.076    2.7522      H  1      3.73951m    1.070    0.0027
nInu      11.4000m    8.612 94603.398      Q(H)      4861.33A    3.661    1.0588      H  1      3.29607m    0.889    0.0018
nFnu      10.4600m    3.026    0.2451      Q(H)      1215.67A    4.196    3.6256      H  1      3.03835m    0.731    0.0012
nInu      10.4600m    8.721 121567.18      CaBo      4861.33A    2.590    0.0898      H  1      12.3684m    1.002    0.0023
nFnu      9.48002m    3.074    0.2738      Ca B      6562.81A    4.023    2.4323      H  1      7.50038m    0.819    0.0015
nInu      9.48002m    8.842 160638.22      Ca B      4861.33A    3.540    0.8008      H  1      5.90655m    0.646    0.0010
nFnu      9.32488m    3.082    0.2790      Ca B      4340.46A    3.101    0.2910      He-like iso-sequence.................
nInu      9.32488m    8.863 168525.56      Ca B      4101.73A    2.754    0.1310      Pho+      3889.00A    2.159    0.0333
nFnu      8.21035m    3.145    0.3224      Ca B      3970.07A    2.481    0.0698      extra Lyman..........................
nInu      8.21035m    9.021 242294.05      Ca B      3889.05A    2.258    0.0418      database lines.......................
nFnu      7.58000m    3.183    0.3520      Ca B      3835.38A    2.071    0.0272      level 1 lines........................
nInu      7.58000m    9.120 304371.03      Ca B      3797.89A    1.909    0.0187      recombination........................
nFnu      7.05026m    3.219    0.3822      Ca B      3770.63A    1.767    0.0135      level2 lines.........................
nInu      7.05026m    9.210 374812.41      Ca B      3750.15A    1.640    0.0101      hyperfine structure..................
nFnu      4.11370m    3.453    0.6555      Ca B      3734.36A    1.525    0.0077      inner shell..........................
nInu      4.11370m    9.861 1676458.8      Ca B      3721.93A    1.420    0.0061      molecules............................
nFnu      2.32440m    3.628    0.9805      Ca B      3711.97A    1.323    0.0049      H2vH            0     3.422    0.6108
nInu      2.32440m   10.501 7324146.0      Ca B      3703.85A    1.233    0.0039      H-FB            0     4.170    3.4170
nFnu      1.64313m    3.680    1.1050      Ca B      3697.15A    1.149    0.0033      H-FF            0     4.003    2.3243
nInu      1.64313m   10.850 *********      Ca B      3691.55A    1.071    0.0027      H-CT      6562.81A    3.455    0.6583
nFnu      1.48022m    3.806    1.4784      Ca B      3686.83A    0.997    0.0023      H- H            0     3.390    0.5667
nInu      1.48022m   10.945 *********      Ca B      3682.80A    0.927    0.0020      H2+             0     3.889    1.7873
nFnu      1.43649m    3.871    1.7159      Ca B      3679.35A    0.861    0.0017      H2+p            0     1.287    0.0045
nInu      1.43649m   10.971 *********      Ca B      3676.36A    0.799    0.0015      blends...............................

                                                    Emergent line intensities
general properties...................      Pcon      5000.00A   11.319 *********      H  1      3682.80A    0.927    0.0020
continua.............................      O3bn      5007.00A    9.819 1521458.8      H  1      1.87510m    3.079    0.2767
FIR       83.0000m    6.511  748.7937      RRC..................................      H  1      1.28180m    2.587    0.0892
TIR       1800.00m    0.841    0.0016      grains...............................      H  1      1.09380m    2.232    0.0394
NIRa      2.85000m   11.227 *********      H-like iso-sequence..................      H  1      1.00493m    1.959    0.0210
NIRb      3.00000m   10.940 *********      H  1      1215.67A    7.081 2782.6357      H  1      9545.93A    1.738    0.0126
MIRa      15.0000m    9.173 343598.53      H  1      1025.72A    5.109   29.7001      H  1      9228.97A    1.552    0.0082
MIRb      22.5000m    9.176 345996.03      H  1      972.537A    4.225    3.8736      H  1      9014.87A    1.392    0.0057
NMIR      21.7500m   11.227 *********      H  1      949.743A    3.698    1.1516      H  1      8862.74A    1.250    0.0041
TFIR      611.250m    1.594    0.0091      H  1      937.804A    3.332    0.4962      H  1      8750.43A    1.124    0.0031
TALL      10000.0A   11.588 *********      H  1      930.748A    3.054    0.2617      H  1      8664.98A    1.009    0.0024
F12       12.0000m    8.425 61415.328      H  1      926.226A    2.831    0.1564      H  1      8598.35A    0.904    0.0019
F25       25.0000m    7.363 5324.5586      H  1      923.150A    2.644    0.1017      H  1      8545.34A    0.808    0.0015
F60       60.0000m    6.474  688.0375      H  1      920.963A    2.483    0.0702      H  1      8502.44A    0.718    0.0012
F100      100.000m    5.339   50.3798      H  1      919.351A    2.342    0.0508      H  1      4.05113m    2.176    0.0346
MIPS      24.0000m    7.066 2689.4009      H  1      918.129A    2.217    0.0380      H  1      2.62513m    1.848    0.0163
MIPS      70.0000m    5.731  124.1841      H  1      917.181A    2.104    0.0294      H  1      2.16551m    1.583    0.0088
MIPS      160.000m    0.920    0.0019      H  1      916.429A    2.002    0.0232      H  1      1.94454m    1.365    0.0054
IRAC      3.60000m    9.379 553234.50      H  1      915.824A    1.909    0.0187      H  1      1.81740m    1.181    0.0035
IRAC      4.50000m    9.121 305172.56      H  1      915.329A    1.825    0.0154      H  1      1.73620m    1.022    0.0024
IRAC      5.80000m    8.880 174978.27      H  1      914.919A    1.747    0.0129      H  1      1.68064m    0.881    0.0018
IRAC      8.00000m    8.662 105936.80      H  1      914.576A    1.675    0.0109      H  1      1.64071m    0.755    0.0013
SPR1      250.000m    0.826    0.0015      H  1      914.286A    1.609    0.0094      H  1      1.61092m    0.641    0.0010
SPR2      350.000m    0.653    0.0010      H  1      914.039A    1.548    0.0082      H  1      7.45777m    1.518    0.0076
PAC1      70.0000m    5.791  142.5807      H  1      6562.81A    4.494    7.1972      H  1      4.65247m    1.280    0.0044
PAC2      100.000m    5.311   47.2448      H  1      4861.33A    3.637    1.0000      H  1      3.73951m    1.070    0.0027
PAC3      160.000m    1.197    0.0036      H  1      4340.46A    3.118    0.3028      H  1      3.29607m    0.889    0.0018
PAH       3.30000m    8.596 91066.781      H  1      4101.73A    2.755    0.1314      H  1      3.03835m    0.731    0.0012
PAHC      3.23000m    8.331 49461.461      H  1      3970.07A    2.479    0.0696      H  1      12.3684m    1.002    0.0023
PAHC      3.37000m    8.259 41951.102      H  1      3889.05A    2.256    0.0416      H  1      7.50038m    0.819    0.0015
PAH       6.20000m    8.290 44969.641      H  1      3835.38A    2.069    0.0271      H  1      5.90655m    0.646    0.0010
PAHC      5.65000m    8.430 62112.148      H  1      3797.89A    1.907    0.0187      He-like iso-sequence.................
PAH       7.90000m    8.177 34722.246      H  1      3770.63A    1.765    0.0135      extra Lyman..........................
PAHC      6.90000m    8.405 58607.207      H  1      3750.15A    1.638    0.0100      database lines.......................
PAH       11.3000m    7.172 3428.8850      H  1      3734.36A    1.524    0.0077      level 1 lines........................
PAHC      10.9000m    7.233 3946.1301      H  1      3721.93A    1.419    0.0061      recombination........................
PAH       11.8000m    7.321 4832.7144      H  1      3711.97A    1.322    0.0048      level2 lines.........................
PAHC      12.6500m    7.224 3868.3037      H  1      3703.85A    1.232    0.0039      hyperfine structure..................
PAH       13.3000m    7.197 3635.7078      H  1      3697.15A    1.149    0.0033      inner shell..........................
PAHC      14.1000m    7.098 2891.4290      H  1      3691.55A    1.070    0.0027      molecules............................
Bcon      3640.00A   10.698 *********      H  1      3686.83A    0.997    0.0023      blends...............................



 LTE opacity  
 Cooling:  H-FB            0 :0.653 H2+             0 :0.342  
 Heating:  BFHx            0 :0.091 HFBh            0 :0.091 H2vH            0 :0.441 H- H            0 :0.409  

 These are some of the most important databases used by Cloudy:
 Many recombination coefficients were taken from http://amdpp.phys.strath.ac.uk/tamoc/RR/ and http://amdpp.phys.strath.ac.uk/tamoc/DR/
      and are based on the following papers:
        Badnell N. R., et al., A&A 406, 1151 (2003) [http://adsabs.harvard.edu/abs/2003A%26A...406.1151B]
        Badnell N. R., ApJS 167, 334 (2006) [http://adsabs.harvard.edu/abs/2006ApJS..167..334B]
 Much of the molecular emission data is from LAMDA as accessed on June 30, 2015. This database is described in:
        Schoeier F.L., et al., A&A 432, 369 (2005) [http://adsabs.harvard.edu/abs/2005A%26A...432..369S]
      This database is in part based on the work of the following groups:
        JPL: Pickett H. M. et al., JQSRT, 60, 883 (1998). [http://adsabs.harvard.edu/abs/1998JQSRT..60..883P]
        CDMS: Mueller H. S. et al., A&A 370, L49 (2001). [http://adsabs.harvard.edu/abs/2001A%26A...370L..49M]
              Mueller H. S. et al., J. Mol. Struct. 742, 215 (2005). [http://adsabs.harvard.edu/abs/2005JMoSt.742..215M]
 Some of the ionic emission data is from version 7.1.4 of CHIANTI. CHIANTI is a collaborative project involving the NRL (USA), the
      Universities of Florence (Italy) and Cambridge (UK), and George Mason University (USA). These papers describe Chianti:
        Dere K. P., et al., A&AS, 125, 149 (1997) [http://adsabs.harvard.edu/abs/1997A%26AS..125..149D]
        Landi E., et al., ApJ, 744, 99 (2012) [http://adsabs.harvard.edu/abs/2012ApJ...744...99L]
 Much of the H_2 data is from this web site: http://molat.obspm.fr/index.php?page=pages/Molecules/H2/H2can94.php. These data are
      described in:
        Abgrall H. et al., Can. J. Phys., 72, 856 (1994) [http://adsabs.harvard.edu/abs/1994CaJPh..72..856A]
        Wrathmall S. A. & Flower D. R., J. Phys. B, 40, 3221 (2007) [http://adsabs.harvard.edu/abs/2007JPhB...40.3221W]
 The Case A and Case B recombination predictions for one-electron systems are from
	Storey, P.J. & Hummer, D.G., 1995, MNRAS 272, 41 http://adsabs.harvard.edu/abs/1995MNRAS.272...41S
 The He I recombination predictions are from
	Porter, R. L.; Ferland, G. J.; Storey, P. J.; Detisch, M. J., 2012, MNRAS, 425, 28p http://adsabs.harvard.edu/abs/2012MNRAS.425L..28P
		http://adsabs.harvard.edu/abs/2013MNRAS.433L..89P

 If you find some process or data set to be particularly critical to a result, please follow the trail of references back to the
 original source and cite that.  This will support and encourage atomic, molecular, and chemical physicists to continue their
 valuable work.

 IONIZE PARMET:  U(1-)-12.3841  U(4-):-43.2100  U(sp):-12.38  Q(ion):   14.897  L(ion)  4.254    Q(low): 23.208    L(low) 11.588
 ENERGY BUDGET:  Heat:   3.778  Coolg:   4.355  Error:277.8%  Rec Lin:  -0.977  F-F  H  0.000    P(rad/tot)max     0.00E+00    R(F Con):1.737e+05

     Col(Heff):      1.544E+16  snd travl time  1.55E-06 sec  Te-low: 6.43E+03  Te-hi: 6.43E+03  G0TH85: 1.27E+12  G0DB96:2.61E+09
  Emiss Measure    n(e)n(p) dl       2.114E+27  n(e)n(He+)dl         2.055E+18  En(e)n(He++) dl         0.000E+00  ne nC+:0.00E+00
 He/Ha:3.88E-09  =   0.00*true  Lthin:4.92E-01  itr/zn: 1.00  H2 itr/zn:  0.00  File Opacity: F  MassTot 1.82e-07  (gm/cm^2)
   Temps(21 cm)   T(21cm/Ly a)  0.00E+00        T(<nH/Tkin>)  6.43E+03          T(<nH/Tspin>)    6.44E+03          TB21cm:0.00E+00
                   N(H0/Tspin)  1.21E+13        N(OH/Tkin)    0.00E+00          B(21cm)          0.00E+00
   <a>:1.95E+01  erdeFe0.0E+00  Tcompt2.02E-13  Tthr5.02E+00  <Tden>: 6.43E+03  <dens>:1.82E-07  <MolWgt>1.28E+00
     Mean Jeans  l(cm)1.04E+13  M(sun)5.39E-02  smallest:     len(cm):1.04E+13  M(sun):5.39E-02  a_ox tran:  0.00
 Rion:1.000E+30  Dist:0.00E+00  Diam:0.000E+00
 Hatom level 65  HatomType: add  HInducImp  T  He tot level: 63  He2 level:   70  ExecTime     3.5
 ConvrgError(%)  <eden>  0.000  MaxEden  0.000  <H-C>  73.53  Max(H-C)   73.53  <Press>   0.000  MaxPrs er  0.000
  Continuity(%)  chng Te   0.0  elec den   0.0  n(H2)    0.0  n(CO)        0.0

                                                        Averaged Quantities
             Te      Te(Ne)   Te(NeNp)  Te(NeHe+)Te(NeHe2+) Te(NeO+)  Te(NeO2+)  Te(H2)     N(H)     Ne(O2+)   Ne(Np)
 Radius:  6.43e+03  6.43e+03  6.43e+03  6.43e+03  0.00e+00  0.00e+00  0.00e+00  6.43e+03  7.76e+16  0.00e+00  4.60e+13

 Contin Optical Depths: COMP: 3.06e-11    H-:-7.53e-09 R(1300): 5.21e-07  H2+: 2.97e-10  Bra:3.82E-07
                          Pa: 8.90e-08    Ba: 2.68e-08      Hb: 1.90e-08   La: 1.28e-03     1r:4.922E-01  1.8:1.53E-01 4.:2.289E-02

 Old, new H  1 continuum optical depths:
     1 4.92e-01     2 5.61e-08     3 3.32e-08     4 3.32e-08     5 3.32e-08     6 5.53e-08     7 5.53e-08     8 5.53e-08
     9 5.53e-08    10 1.31e-07    11 1.31e-07    12 1.31e-07    13 1.31e-07    14 1.31e-07    15 2.61e-07    16 2.61e-07
    17 2.61e-07    18 2.61e-07    19 2.61e-07    20 2.61e-07    21 4.55e-07    22 4.55e-07    23 4.55e-07    24 4.55e-07
    25 4.55e-07    26 4.55e-07    27 4.55e-07    28 7.31e-07    29 7.31e-07    30 7.31e-07    31 7.31e-07    32 7.31e-07
    33 7.31e-07    34 7.31e-07    35 7.31e-07    36 1.11e-06    37 1.11e-06    38 1.11e-06    39 1.11e-06    40 1.11e-06
    41 1.11e-06    42 1.11e-06    43 1.11e-06    44 1.11e-06    45 1.59e-06    46 1.59e-06    47 1.59e-06    48 1.59e-06
    49 1.59e-06    50 1.59e-06    51 1.59e-06    52 1.59e-06    53 1.59e-06    54 1.59e-06
     1 4.92e-01     2 5.61e-08     3 3.32e-08     4 3.32e-08     5 3.32e-08     6 5.53e-08     7 5.53e-08     8 5.53e-08
     9 5.53e-08    10 1.31e-07    11 1.31e-07    12 1.31e-07    13 1.31e-07    14 1.31e-07    15 2.61e-07    16 2.61e-07
    17 2.61e-07    18 2.61e-07    19 2.61e-07    20 2.61e-07    21 4.55e-07    22 4.55e-07    23 4.55e-07    24 4.55e-07
    25 4.55e-07    26 4.55e-07    27 4.55e-07    28 7.31e-07    29 7.31e-07    30 7.31e-07    31 7.31e-07    32 7.31e-07
    33 7.31e-07    34 7.31e-07    35 7.31e-07    36 1.11e-06    37 1.11e-06    38 1.11e-06    39 1.11e-06    40 1.11e-06
    41 1.11e-06    42 1.11e-06    43 1.11e-06    44 1.11e-06    45 1.59e-06    46 1.59e-06    47 1.59e-06    48 1.59e-06
    49 1.59e-06    50 1.59e-06    51 1.59e-06    52 1.59e-06    53 1.59e-06    54 1.59e-06

 Old, new H  1 mean line optical depths:
  2- 1 1.01e+04  3- 2 3.29e-03  4- 3 6.63e-04  5- 4 5.79e-04  6- 5 6.95e-04  7- 6 9.08e-04  8- 7 1.21e-03
  9- 8 1.60e-03 10- 9 2.09e-03 11-10 2.68e-03 12-11 3.40e-03 13-12 4.25e-03 14-13 5.24e-03 15-14 6.38e-03 16-15 7.68e-03
 17-16 9.16e-03 18-17 1.08e-02 19-18 1.27e-02 20-19 1.47e-02
  2- 1 1.01e+04  3- 2 3.29e-03  4- 3 6.63e-04  5- 4 5.79e-04  6- 5 6.95e-04  7- 6 9.08e-04  8- 7 1.21e-03
  9- 8 1.60e-03 10- 9 2.09e-03 11-10 2.68e-03 12-11 3.40e-03 13-12 4.25e-03 14-13 5.24e-03 15-14 6.38e-03 16-15 7.68e-03
 17-16 9.16e-03 18-17 1.08e-02 19-18 1.27e-02 20-19 1.47e-02

 Old, new He 2 continuum optical depths:
     1 2.29e-02     2 4.90e-01     3 1.41e-08     4 1.41e-08     5 1.41e-08     6 5.61e-08     7 5.61e-08     8 5.61e-08
     9 5.61e-08    10 2.29e-08    11 2.29e-08    12 2.29e-08    13 2.29e-08    14 2.29e-08    15 3.32e-08    16 3.32e-08
    17 3.32e-08    18 3.32e-08    19 3.32e-08    20 3.32e-08    21 3.56e-08    22 3.56e-08    23 3.56e-08    24 3.56e-08
    25 3.56e-08    26 3.56e-08    27 3.56e-08    28 5.53e-08    29 5.53e-08    30 5.53e-08    31 5.53e-08    32 5.53e-08
    33 5.53e-08    34 5.53e-08    35 5.53e-08    36 8.60e-08    37 8.60e-08    38 8.60e-08    39 8.60e-08    40 8.60e-08
    41 8.60e-08    42 8.60e-08    43 8.60e-08    44 8.60e-08    45 1.31e-07    46 1.31e-07    47 1.31e-07    48 1.31e-07
    49 1.31e-07    50 1.31e-07    51 1.31e-07    52 1.31e-07    53 1.31e-07    54 1.31e-07
     1 2.29e-02     2 4.90e-01     3 1.41e-08     4 1.41e-08     5 1.41e-08     6 5.61e-08     7 5.61e-08     8 5.61e-08
     9 5.61e-08    10 2.29e-08    11 2.29e-08    12 2.29e-08    13 2.29e-08    14 2.29e-08    15 3.32e-08    16 3.32e-08
    17 3.32e-08    18 3.32e-08    19 3.32e-08    20 3.32e-08    21 3.56e-08    22 3.56e-08    23 3.56e-08    24 3.56e-08
    25 3.56e-08    26 3.56e-08    27 3.56e-08    28 5.53e-08    29 5.53e-08    30 5.53e-08    31 5.53e-08    32 5.53e-08
    33 5.53e-08    34 5.53e-08    35 5.53e-08    36 8.60e-08    37 8.60e-08    38 8.60e-08    39 8.60e-08    40 8.60e-08
    41 8.60e-08    42 8.60e-08    43 8.60e-08    44 8.60e-08    45 1.31e-07    46 1.31e-07    47 1.31e-07    48 1.31e-07
    49 1.31e-07    50 1.31e-07    51 1.31e-07    52 1.31e-07    53 1.31e-07    54 1.31e-07

 Old, new He 2 mean line optical depths:
  2- 1 0.00e+00  3- 2 0.00e+00  4- 3 0.00e+00  5- 4 0.00e+00  6- 5 0.00e+00  7- 6 0.00e+00  8- 7 0.00e+00
  9- 8 0.00e+00 10- 9 0.00e+00 11-10 0.00e+00 12-11 0.00e+00 13-12 0.00e+00 14-13 0.00e+00 15-14 0.00e+00 16-15 0.00e+00
 17-16 0.00e+00 18-17 0.00e+00 19-18 0.00e+00 20-19 0.00e+00 21-20 0.00e+00 22-21 0.00e+00 23-22 0.00e+00 24-23 0.00e+00
 25-24 0.00e+00
  2- 1 0.00e+00  3- 2 0.00e+00  4- 3 0.00e+00  5- 4 0.00e+00  6- 5 0.00e+00  7- 6 0.00e+00  8- 7 0.00e+00
  9- 8 0.00e+00 10- 9 0.00e+00 11-10 0.00e+00 12-11 0.00e+00 13-12 0.00e+00 14-13 0.00e+00 15-14 0.00e+00 16-15 0.00e+00
 17-16 0.00e+00 18-17 0.00e+00 19-18 0.00e+00 20-19 0.00e+00 21-20 0.00e+00 22-21 0.00e+00 23-22 0.00e+00 24-23 0.00e+00
 25-24 0.00e+00

 Old He Is optical depths:    1 1.53e-01    2 2.46e-08    3 3.84e-08    4 4.80e-08    5 4.80e-08
 New He Is optical depths:    1 1.53e-01    2 2.46e-08    3 3.84e-08    4 4.80e-08    5 4.80e-08
          Old He Is Lines:  584 6.42e+02 3889 1.03e-09 5016 2.06e-13 5876 3.95e-12
          New He Is Lines:  584 6.42e+02 3889 1.03e-09 5016 2.06e-13 5876 3.95e-12

==== H      compounds ====           Log10 column densities [cm^-2]
   H2        : 11.210   H2*       :  9.936   H2+       :  7.627   H3+       :  3.354
==== He     compounds ====
   HeH+      :  6.648


               1      2      3      4      5      6      7      8      9     10     11     12     13     14     15     16     17

 Hydrogen   16.890 13.663 11.233 (H2)                Log10 Column density (cm^-2)
 Helium     15.890  4.650-30.000
 Exc state        He[2]  0.830       C+[2]-35.930        C[1]-35.930        C[2]-35.930        C[3]-35.930        O[1]-35.930
                   O[2]-35.930        O[3]-35.930      Si+[1]-35.930      C+2[2]-35.930      C+2[3]-35.930      C+2[4]-35.930


 Hydrogen   -0.000 -3.227 -5.356 (H2)                 Log10 Mean Ionisation (over radius)
 Helium      0.000-11.240

               1      2      3      4      5      6      7      8      9     10     11     12     13     14     15     16     17

 Hydrogen   -0.000 -3.227 -5.356 (H2)         Log10 Mean Ionisation (over radius*electron density)
 Helium      0.000-11.240

               1      2      3      4      5      6      7      8      9     10     11     12     13     14     15     16     17

 Hydrogen    3.808  3.808  3.808 (H2)                  Log10 Mean Temperature (over radius)
 Helium      3.808  3.808

               1      2      3      4      5      6      7      8      9     10     11     12     13     14     15     16     17

 Hydrogen    3.808  3.808  3.808 (H2)          Log10 Mean Temperature (over radius*electron density)
 Helium      3.808  3.808

               1      2      3      4      5      6      7      8      9     10     11     12     13     14     15     16     17
LTE opacity  

---------------Convergence statistics---------------
      1.19 mean iterations/state convergence
      1.42 mean cx acceleration loops/iteration
         1 mean iso convergence loops/ion solve
         1 mean steps/chemistry solve
         1 mean step length searches/chemistry step
----------------------------------------------------

=============Results of monitors: Cloudy 13.06.01 Tue Sep  5 12:16:34 2017
 Errors were found.  Summary follows.
                   Label         line    computed     asserted Rel Err Set err  type         
 ChkMonitor botch>>d H-            -1     0.1869 =     1.0000   0.813   0.030             <<BIG BOTCH!!
 
 BIG BOTCHED MONITORS!!!   Big Botched Monitors!!! 
 Cloudy compiled on Aug 31 2017 in OS Apple MacOS using the clang++ 810 compiler. Mode I32LP64, denormalized float: T double: T.

 Cloudy ends: 1 zone, 2 iterations, 4 cautions, BIG BOTCHED MONITORS!!!. (single thread) ExecTime(s) 3.49
 [Stop in cdMain at maincl.cpp:462, something went wrong]
